Using pre-set license
Built from '2020.3/staging' branch; Version is '2020.3.24f1 (79c78de19888) revision 7980941'; Using compiler version '192528614'; Build Type 'Release'
OS: 'Windows 10  (10.0.19042) 64bit Core' Language: 'pl' Physical Memory: 8052 MB
BatchMode: 1, IsHumanControllingUs: 0, StartBugReporterOnCrash: 0, Is64bit: 1, IsPro: 0

COMMAND LINE ARGUMENTS:
C:\Program Files\Unity\Hub\Editor\2020.3.24f1\Editor\Unity.exe
-adb2
-batchMode
-noUpm
-name
AssetImportWorker0
-projectPath
C:/Users/Roach/Desktop/Moje Gry/EndlessRunner
-logFile
Logs/AssetImportWorker0.log
-srvPort
59252
Successfully changed project path to: C:/Users/Roach/Desktop/Moje Gry/EndlessRunner
C:/Users/Roach/Desktop/Moje Gry/EndlessRunner
Using Asset Import Pipeline V2.
Refreshing native plugins compatible for Editor in 34.87 ms, found 2 plugins.
Preloading 0 native plugins for Editor in 0.00 ms.
Initialize engine version: 2020.3.24f1 (79c78de19888)
[Subsystems] Discovering subsystems at path C:/Program Files/Unity/Hub/Editor/2020.3.24f1/Editor/Data/Resources/UnitySubsystems
[Subsystems] Discovering subsystems at path C:/Users/Roach/Desktop/Moje Gry/EndlessRunner/Assets
GfxDevice: creating device client; threaded=0
Direct3D:
    Version:  Direct3D 11.0 [level 11.1]
    Renderer: NVIDIA GeForce GTX 1050 (ID=0x1c8d)
    Vendor:   
    VRAM:     4019 MB
    Driver:   27.21.14.6231
Initialize mono
Mono path[0] = 'C:/Program Files/Unity/Hub/Editor/2020.3.24f1/Editor/Data/Managed'
Mono path[1] = 'C:/Program Files/Unity/Hub/Editor/2020.3.24f1/Editor/Data/MonoBleedingEdge/lib/mono/unityjit'
Mono config path = 'C:/Program Files/Unity/Hub/Editor/2020.3.24f1/Editor/Data/MonoBleedingEdge/etc'
Using monoOptions --debugger-agent=transport=dt_socket,embedding=1,server=y,suspend=n,address=127.0.0.1:56596
Begin MonoManager ReloadAssembly
Registering precompiled unity dll's ...
Register platform support module: C:/Program Files/Unity/Hub/Editor/2020.3.24f1/Editor/Data/PlaybackEngines/WindowsStandaloneSupport/UnityEditor.WindowsStandalone.Extensions.dll
Registered in 0.002655 seconds.
Native extension for WindowsStandalone target not found
Refreshing native plugins compatible for Editor in 35.41 ms, found 2 plugins.
Preloading 0 native plugins for Editor in 0.00 ms.
Mono: successfully reloaded assembly
- Completed reload, in  0.645 seconds
Domain Reload Profiling:
	ReloadAssembly (646ms)
		BeginReloadAssembly (81ms)
			ExecutionOrderSort (0ms)
			DisableScriptedObjects (0ms)
			BackupInstance (0ms)
			ReleaseScriptingObjects (0ms)
			CreateAndSetChildDomain (1ms)
		EndReloadAssembly (481ms)
			LoadAssemblies (79ms)
			RebuildTransferFunctionScriptingTraits (0ms)
			SetupTypeCache (154ms)
			ReleaseScriptCaches (0ms)
			RebuildScriptCaches (37ms)
			SetupLoadedEditorAssemblies (184ms)
				LogAssemblyErrors (0ms)
				InitializePlatformSupportModulesInManaged (5ms)
				SetLoadedEditorAssemblies (0ms)
				RefreshPlugins (36ms)
				BeforeProcessingInitializeOnLoad (19ms)
				ProcessInitializeOnLoadAttributes (93ms)
				ProcessInitializeOnLoadMethodAttributes (31ms)
				AfterProcessingInitializeOnLoad (0ms)
				EditorAssembliesLoaded (0ms)
			ExecutionOrderSort2 (0ms)
			AwakeInstancesAfterBackupRestoration (0ms)
Platform modules already initialized, skipping
Registering precompiled user dll's ...
Registered in 0.006778 seconds.
Begin MonoManager ReloadAssembly
Native extension for WindowsStandalone target not found
Refreshing native plugins compatible for Editor in 0.32 ms, found 2 plugins.
Preloading 0 native plugins for Editor in 0.00 ms.
Mono: successfully reloaded assembly
- Completed reload, in  1.061 seconds
Domain Reload Profiling:
	ReloadAssembly (1062ms)
		BeginReloadAssembly (156ms)
			ExecutionOrderSort (0ms)
			DisableScriptedObjects (5ms)
			BackupInstance (0ms)
			ReleaseScriptingObjects (0ms)
			CreateAndSetChildDomain (20ms)
		EndReloadAssembly (842ms)
			LoadAssemblies (100ms)
			RebuildTransferFunctionScriptingTraits (0ms)
			SetupTypeCache (279ms)
			ReleaseScriptCaches (0ms)
			RebuildScriptCaches (48ms)
			SetupLoadedEditorAssemblies (329ms)
				LogAssemblyErrors (0ms)
				InitializePlatformSupportModulesInManaged (5ms)
				SetLoadedEditorAssemblies (1ms)
				RefreshPlugins (0ms)
				BeforeProcessingInitializeOnLoad (87ms)
				ProcessInitializeOnLoadAttributes (218ms)
				ProcessInitializeOnLoadMethodAttributes (10ms)
				AfterProcessingInitializeOnLoad (9ms)
				EditorAssembliesLoaded (0ms)
			ExecutionOrderSort2 (0ms)
			AwakeInstancesAfterBackupRestoration (7ms)
Platform modules already initialized, skipping
========================================================================
Worker process is ready to serve import requests
Launched and connected shader compiler UnityShaderCompiler.exe after 0.10 seconds
Refreshing native plugins compatible for Editor in 0.33 ms, found 2 plugins.
Preloading 0 native plugins for Editor in 0.00 ms.
Unloading 1513 Unused Serialized files (Serialized files now loaded: 0)
System memory in use before: 94.4 MB.
System memory in use after: 94.4 MB.

Unloading 19 unused Assets to reduce memory usage. Loaded Objects now: 1972.
Total: 2.960200 ms (FindLiveObjects: 0.159600 ms CreateObjectMapping: 0.043600 ms MarkObjects: 2.676800 ms  DeleteObjects: 0.079200 ms)

AssetImportParameters requested are different than current active one (requested -> active):
  custom:framework-win-MediaFoundation: 216162199b28c13a410421893ffa2e32 -> 
  custom:video-decoder-ogg-theora: a1e56fd34408186e4bbccfd4996cb3dc -> 
  custom:container-muxer-webm: aa71ff27fc2769a1b78a27578f13a17b -> 
  custom:container-demuxer-webm: 4f35f7cbe854078d1ac9338744f61a02 -> 
  custom:container-demuxer-ogg: 62fdf1f143b41e24485cea50d1cbac27 -> 
  custom:video-encoder-webm-vp8: eb34c28f22e8b96e1ab97ce403110664 -> 
  custom:video-codec-MediaFoundation-h265: 746d11721c4dcdbdad8f713fa42b33f4 -> 
  custom:video-decoder-webm-vp8: 9c59270c3fd7afecdb556c50c9e8de78 -> 
  custom:audio-decoder-ogg-vorbis: bf7c407c2cedff20999df2af8eb42d56 -> 
  custom:audio-encoder-webm-vorbis: bf7c407c2cedff20999df2af8eb42d56 -> 
========================================================================
Received Import Request.
  path: Assets/Rock Package/Prefabs/Rock_05.prefab
  artifactKey: Guid(5d10ae558efe6a64d96e5b4d02ec6792) Importer(815301076,1909f56bfc062723c751e8b465ee728b)
Start importing Assets/Rock Package/Prefabs/Rock_05.prefab using Guid(5d10ae558efe6a64d96e5b4d02ec6792) Importer(815301076,1909f56bfc062723c751e8b465ee728b)  -> (artifact id: '1be57061aab0055281c6dd090e9187bd') in 0.768286 seconds 
  Import took 0.771544 seconds .

========================================================================
Received Import Request.
  Time since last request: 0.000591 seconds.
  path: Assets/Rock Package/Prefabs
  artifactKey: Guid(feeb8f5983993ac4c9b25cf62d82db8c) Importer(815301076,1909f56bfc062723c751e8b465ee728b)
Start importing Assets/Rock Package/Prefabs using Guid(feeb8f5983993ac4c9b25cf62d82db8c) Importer(815301076,1909f56bfc062723c751e8b465ee728b)  -> (artifact id: 'f90c2a18c62e754332ba7911ea4a6c67') in 0.007529 seconds 
  Import took 0.011415 seconds .

========================================================================
Received Import Request.
  Time since last request: 0.000276 seconds.
  path: Assets/Rock Package/Prefabs/Rock_06.prefab
  artifactKey: Guid(a649302f8407dd9469e2c5b67b4a0674) Importer(815301076,1909f56bfc062723c751e8b465ee728b)
Start importing Assets/Rock Package/Prefabs/Rock_06.prefab using Guid(a649302f8407dd9469e2c5b67b4a0674) Importer(815301076,1909f56bfc062723c751e8b465ee728b)  -> (artifact id: '1b30bc27053a00b6fe06efba6a74ce51') in 0.039800 seconds 
  Import took 0.045086 seconds .

========================================================================
Received Import Request.
  Time since last request: 0.000326 seconds.
  path: Assets/Rock Package/Prefabs/Rock_04.prefab
  artifactKey: Guid(f94554303b4f7094ea5e12fe79985529) Importer(815301076,1909f56bfc062723c751e8b465ee728b)
Start importing Assets/Rock Package/Prefabs/Rock_04.prefab using Guid(f94554303b4f7094ea5e12fe79985529) Importer(815301076,1909f56bfc062723c751e8b465ee728b)  -> (artifact id: 'cb3bc812ab2f0cb97fae69a6b8152f56') in 0.035518 seconds 
  Import took 0.038739 seconds .

========================================================================
Received Import Request.
  Time since last request: 0.000305 seconds.
  path: Assets/Rock Package/Prefabs/Rock_03.prefab
  artifactKey: Guid(75fa8bf3a73ee6b4da0c7a2c6d3db6a1) Importer(815301076,1909f56bfc062723c751e8b465ee728b)
Start importing Assets/Rock Package/Prefabs/Rock_03.prefab using Guid(75fa8bf3a73ee6b4da0c7a2c6d3db6a1) Importer(815301076,1909f56bfc062723c751e8b465ee728b)  -> (artifact id: '3669f67b6f1a54cbac62cf2773478828') in 0.035985 seconds 
  Import took 0.039731 seconds .

========================================================================
Received Import Request.
  Time since last request: 0.000234 seconds.
  path: Assets/Rock Package/Prefabs/Rock_01.prefab
  artifactKey: Guid(30b99e7dc1382e346a7f9789de00de5e) Importer(815301076,1909f56bfc062723c751e8b465ee728b)
Start importing Assets/Rock Package/Prefabs/Rock_01.prefab using Guid(30b99e7dc1382e346a7f9789de00de5e) Importer(815301076,1909f56bfc062723c751e8b465ee728b)  -> (artifact id: 'da8fe0f1730bea78758802e3b6edc312') in 0.046950 seconds 
  Import took 0.051149 seconds .

========================================================================
Received Import Request.
  Time since last request: 0.000253 seconds.
  path: Assets/Rock Package/Prefabs/Rock_02.prefab
  artifactKey: Guid(d7ba4fe833670a140b9b6085652f0e26) Importer(815301076,1909f56bfc062723c751e8b465ee728b)
Start importing Assets/Rock Package/Prefabs/Rock_02.prefab using Guid(d7ba4fe833670a140b9b6085652f0e26) Importer(815301076,1909f56bfc062723c751e8b465ee728b)  -> (artifact id: '0c53b7293ed1fb04d5d636d1e431c7cf') in 0.042886 seconds 
  Import took 0.047454 seconds .

========================================================================
Received Import Request.
  Time since last request: 116.019169 seconds.
  path: Assets/Tree10/bark11.png
  artifactKey: Guid(000be46c6d5b3b64c9498981844fd7da) Importer(815301076,1909f56bfc062723c751e8b465ee728b)
Start importing Assets/Tree10/bark11.png using Guid(000be46c6d5b3b64c9498981844fd7da) Importer(815301076,1909f56bfc062723c751e8b465ee728b)  -> (artifact id: '4bbe5a2c7f3d5bd25feb679a6c4003fa') in 0.065031 seconds 
  Import took 0.069332 seconds .

========================================================================
Received Import Request.
  Time since last request: 0.000236 seconds.
  path: Assets/Tree10/Tree10_Bark.mat
  artifactKey: Guid(7c1bd2bec271270439c6e9a0e14da3aa) Importer(815301076,1909f56bfc062723c751e8b465ee728b)
Start importing Assets/Tree10/Tree10_Bark.mat using Guid(7c1bd2bec271270439c6e9a0e14da3aa) Importer(815301076,1909f56bfc062723c751e8b465ee728b)  -> (artifact id: '0f3126e7e276f3be44da131acdf1dbf1') in 0.296755 seconds 
  Import took 0.299161 seconds .

========================================================================
Received Import Request.
  Time since last request: 0.000228 seconds.
  path: Assets/Tree10/Tree10_Leaf.mat
  artifactKey: Guid(9610ed704a1e7894ea4bab3199640925) Importer(815301076,1909f56bfc062723c751e8b465ee728b)
Start importing Assets/Tree10/Tree10_Leaf.mat using Guid(9610ed704a1e7894ea4bab3199640925) Importer(815301076,1909f56bfc062723c751e8b465ee728b)  -> (artifact id: 'eb929d3505de1dc9a443946c43717ad1') in 0.211628 seconds 
  Import took 0.218328 seconds .

========================================================================
Received Import Request.
  Time since last request: 0.000332 seconds.
  path: Assets/Tree10/Tree10_1.prefab
  artifactKey: Guid(673a5daab7ec28d4c9e7c80ea6a793c1) Importer(815301076,1909f56bfc062723c751e8b465ee728b)
Start importing Assets/Tree10/Tree10_1.prefab using Guid(673a5daab7ec28d4c9e7c80ea6a793c1) Importer(815301076,1909f56bfc062723c751e8b465ee728b)  -> (artifact id: 'bfc2962f8dee34f626acfa6635475ed6') in 0.503033 seconds 
  Import took 0.506507 seconds .

========================================================================
Received Import Request.
  Time since last request: 0.000318 seconds.
  path: Assets/Tree10/bark11_N.png
  artifactKey: Guid(e7d243b998d04aa4ab8d8bd35dcbd9de) Importer(815301076,1909f56bfc062723c751e8b465ee728b)
Start importing Assets/Tree10/bark11_N.png using Guid(e7d243b998d04aa4ab8d8bd35dcbd9de) Importer(815301076,1909f56bfc062723c751e8b465ee728b)  -> (artifact id: 'a69dca5699194990eb6fa6abf949b459') in 0.020825 seconds 
  Import took 0.024050 seconds .

========================================================================
Received Import Request.
  Time since last request: 0.000265 seconds.
  path: Assets/Tree10/Tree10_4.prefab
  artifactKey: Guid(e403bfb859c346040858d48e9c0c7150) Importer(815301076,1909f56bfc062723c751e8b465ee728b)
Start importing Assets/Tree10/Tree10_4.prefab using Guid(e403bfb859c346040858d48e9c0c7150) Importer(815301076,1909f56bfc062723c751e8b465ee728b)  -> (artifact id: 'bf4cc3cdb82d410609b66e04c9b8d4e7') in 0.080922 seconds 
  Import took 0.084385 seconds .

========================================================================
Received Import Request.
  Time since last request: 0.000308 seconds.
  path: Assets/Tree10/Tree10_2.prefab
  artifactKey: Guid(f6f9e2b8b6b2fdd4ca11c8edc03103b1) Importer(815301076,1909f56bfc062723c751e8b465ee728b)
Start importing Assets/Tree10/Tree10_2.prefab using Guid(f6f9e2b8b6b2fdd4ca11c8edc03103b1) Importer(815301076,1909f56bfc062723c751e8b465ee728b)  -> (artifact id: '39b3e33e340f4a46ce24f66320326353') in 0.069219 seconds 
  Import took 0.074756 seconds .

========================================================================
Received Import Request.
  Time since last request: 0.000291 seconds.
  path: Assets/Tree10/Tree10_5.prefab
  artifactKey: Guid(107f12f79e197c44e94e1d306314702b) Importer(815301076,1909f56bfc062723c751e8b465ee728b)
Start importing Assets/Tree10/Tree10_5.prefab using Guid(107f12f79e197c44e94e1d306314702b) Importer(815301076,1909f56bfc062723c751e8b465ee728b)  -> (artifact id: 'ff6095bd7d20da4d14dd122a2fe5a45d') in 0.059121 seconds 
  Import took 0.066912 seconds .

========================================================================
Received Import Request.
  Time since last request: 0.000192 seconds.
  path: Assets/Tree10/Tree10_3.prefab
  artifactKey: Guid(f80b9a82cf103fc46a271d8c08ba22c0) Importer(815301076,1909f56bfc062723c751e8b465ee728b)
Start importing Assets/Tree10/Tree10_3.prefab using Guid(f80b9a82cf103fc46a271d8c08ba22c0) Importer(815301076,1909f56bfc062723c751e8b465ee728b)  -> (artifact id: '051b6aa6c9574d1ede08a6eaf56c4d64') in 0.070202 seconds 
  Import took 0.092970 seconds .

========================================================================
Received Import Request.
  Time since last request: 0.000207 seconds.
  path: Assets/Tree10/Leaf18.png
  artifactKey: Guid(52a21d4a660b5274fa7fa11d32761b08) Importer(815301076,1909f56bfc062723c751e8b465ee728b)
Start importing Assets/Tree10/Leaf18.png using Guid(52a21d4a660b5274fa7fa11d32761b08) Importer(815301076,1909f56bfc062723c751e8b465ee728b)  -> (artifact id: '79c039fe250f4889328cd87c8844922c') in 0.021744 seconds 
  Import took 0.024837 seconds .

========================================================================
Received Import Request.
  Time since last request: 0.000231 seconds.
  path: Assets/Tree10/Leaf18_N.png
  artifactKey: Guid(3598650e07235764aa3058413bb1d903) Importer(815301076,1909f56bfc062723c751e8b465ee728b)
Start importing Assets/Tree10/Leaf18_N.png using Guid(3598650e07235764aa3058413bb1d903) Importer(815301076,1909f56bfc062723c751e8b465ee728b)  -> (artifact id: 'f4fc84b09da88718eff5a3aed68938d0') in 0.028040 seconds 
  Import took 0.031398 seconds .

========================================================================
Received Import Request.
  Time since last request: 301.723491 seconds.
  path: Assets/Tree10/Tree10_3.prefab
  artifactKey: Guid(f80b9a82cf103fc46a271d8c08ba22c0) Importer(815301076,1909f56bfc062723c751e8b465ee728b)
Start importing Assets/Tree10/Tree10_3.prefab using Guid(f80b9a82cf103fc46a271d8c08ba22c0) Importer(815301076,1909f56bfc062723c751e8b465ee728b)  -> (artifact id: '39e26061a75530a577251a79f941ca67') in 0.057830 seconds 
  Import took 0.062025 seconds .

========================================================================
Received Import Request.
  Time since last request: 176.265746 seconds.
  path: Assets/Prefabs/ObstacleTree10_1.prefab
  artifactKey: Guid(dbf769e4ab8122844b619a9a5b643b9b) Importer(815301076,1909f56bfc062723c751e8b465ee728b)
Start importing Assets/Prefabs/ObstacleTree10_1.prefab using Guid(dbf769e4ab8122844b619a9a5b643b9b) Importer(815301076,1909f56bfc062723c751e8b465ee728b)  -> (artifact id: 'b21779a8f8ac9649fcf49691039c506e') in 0.021895 seconds 
  Import took 0.026945 seconds .

========================================================================
Received Import Request.
  Time since last request: 3.099744 seconds.
  path: Assets/Prefabs/ObstacleTree10_3.prefab
  artifactKey: Guid(714d71669b3b6d04e8eb64b6900fc209) Importer(815301076,1909f56bfc062723c751e8b465ee728b)
Start importing Assets/Prefabs/ObstacleTree10_3.prefab using Guid(714d71669b3b6d04e8eb64b6900fc209) Importer(815301076,1909f56bfc062723c751e8b465ee728b)  -> (artifact id: '458ede1a13a2c4186c0e0a916f0d58e6') in 0.022214 seconds 
  Import took 0.025326 seconds .

========================================================================
Received Import Request.
  Time since last request: 3.290264 seconds.
  path: Assets/Prefabs/ObstacleRock_05.prefab
  artifactKey: Guid(112321ca3aadc8a4d9304ebb2f8878a6) Importer(815301076,1909f56bfc062723c751e8b465ee728b)
Start importing Assets/Prefabs/ObstacleRock_05.prefab using Guid(112321ca3aadc8a4d9304ebb2f8878a6) Importer(815301076,1909f56bfc062723c751e8b465ee728b)  -> (artifact id: 'bdcd4ea8347f5f28ff04e5e753d49701') in 0.028634 seconds 
  Import took 0.033052 seconds .

========================================================================
Received Import Request.
  Time since last request: 2.622872 seconds.
  path: Assets/Prefabs/ObstacleRock_02.prefab
  artifactKey: Guid(7c961c487fe805148914dc54c803f9a4) Importer(815301076,1909f56bfc062723c751e8b465ee728b)
Start importing Assets/Prefabs/ObstacleRock_02.prefab using Guid(7c961c487fe805148914dc54c803f9a4) Importer(815301076,1909f56bfc062723c751e8b465ee728b)  -> (artifact id: 'ca61b7f584206f72975f75e510c9c213') in 0.027875 seconds 
  Import took 0.030959 seconds .

========================================================================
Received Import Request.
  Time since last request: 2.701921 seconds.
  path: Assets/Prefabs/ObstacleRock_01.prefab
  artifactKey: Guid(cd54595d91d88f749b63f21f9241d310) Importer(815301076,1909f56bfc062723c751e8b465ee728b)
Start importing Assets/Prefabs/ObstacleRock_01.prefab using Guid(cd54595d91d88f749b63f21f9241d310) Importer(815301076,1909f56bfc062723c751e8b465ee728b)  -> (artifact id: 'af8c7fb94aad6dcbbd97e4af82cfc2fc') in 0.028583 seconds 
  Import took 0.032253 seconds .

========================================================================
Received Prepare
Registering precompiled user dll's ...
Registered in 0.007089 seconds.
Begin MonoManager ReloadAssembly
Native extension for WindowsStandalone target not found
Refreshing native plugins compatible for Editor in 0.32 ms, found 2 plugins.
Preloading 0 native plugins for Editor in 0.00 ms.
Mono: successfully reloaded assembly
- Completed reload, in  1.189 seconds
Domain Reload Profiling:
	ReloadAssembly (1190ms)
		BeginReloadAssembly (119ms)
			ExecutionOrderSort (0ms)
			DisableScriptedObjects (5ms)
			BackupInstance (0ms)
			ReleaseScriptingObjects (0ms)
			CreateAndSetChildDomain (34ms)
		EndReloadAssembly (999ms)
			LoadAssemblies (101ms)
			RebuildTransferFunctionScriptingTraits (0ms)
			SetupTypeCache (383ms)
			ReleaseScriptCaches (1ms)
			RebuildScriptCaches (68ms)
			SetupLoadedEditorAssemblies (323ms)
				LogAssemblyErrors (0ms)
				InitializePlatformSupportModulesInManaged (6ms)
				SetLoadedEditorAssemblies (1ms)
				RefreshPlugins (0ms)
				BeforeProcessingInitializeOnLoad (88ms)
				ProcessInitializeOnLoadAttributes (210ms)
				ProcessInitializeOnLoadMethodAttributes (9ms)
				AfterProcessingInitializeOnLoad (9ms)
				EditorAssembliesLoaded (0ms)
			ExecutionOrderSort2 (0ms)
			AwakeInstancesAfterBackupRestoration (7ms)
Platform modules already initialized, skipping
Refreshing native plugins compatible for Editor in 0.33 ms, found 2 plugins.
Preloading 0 native plugins for Editor in 0.00 ms.
Unloading 1505 Unused Serialized files (Serialized files now loaded: 0)
System memory in use before: 99.5 MB.
System memory in use after: 99.6 MB.

Unloading 14 unused Assets to reduce memory usage. Loaded Objects now: 2030.
Total: 2.469600 ms (FindLiveObjects: 0.147500 ms CreateObjectMapping: 0.046000 ms MarkObjects: 2.261200 ms  DeleteObjects: 0.014100 ms)

AssetImportParameters requested are different than current active one (requested -> active):
  custom:framework-win-MediaFoundation: 216162199b28c13a410421893ffa2e32 -> 
  custom:video-decoder-ogg-theora: a1e56fd34408186e4bbccfd4996cb3dc -> 
  custom:container-muxer-webm: aa71ff27fc2769a1b78a27578f13a17b -> 
  custom:container-demuxer-webm: 4f35f7cbe854078d1ac9338744f61a02 -> 
  custom:container-demuxer-ogg: 62fdf1f143b41e24485cea50d1cbac27 -> 
  custom:video-encoder-webm-vp8: eb34c28f22e8b96e1ab97ce403110664 -> 
  custom:video-codec-MediaFoundation-h265: 746d11721c4dcdbdad8f713fa42b33f4 -> 
  custom:video-decoder-webm-vp8: 9c59270c3fd7afecdb556c50c9e8de78 -> 
  custom:audio-decoder-ogg-vorbis: bf7c407c2cedff20999df2af8eb42d56 -> 
  custom:audio-encoder-webm-vorbis: bf7c407c2cedff20999df2af8eb42d56 -> 
========================================================================
Received Import Request.
  Time since last request: 95.790871 seconds.
  path: Assets/Prefabs/ObstacleRock_01.prefab
  artifactKey: Guid(cd54595d91d88f749b63f21f9241d310) Importer(815301076,1909f56bfc062723c751e8b465ee728b)
Start importing Assets/Prefabs/ObstacleRock_01.prefab using Guid(cd54595d91d88f749b63f21f9241d310) Importer(815301076,1909f56bfc062723c751e8b465ee728b)  -> (artifact id: 'dd83ee878aa76242a033e08b94dd074c') in 0.066848 seconds 
  Import took 0.069877 seconds .

========================================================================
Received Import Request.
  Time since last request: 0.899068 seconds.
  path: Assets/Prefabs/ObstacleRock_02.prefab
  artifactKey: Guid(7c961c487fe805148914dc54c803f9a4) Importer(815301076,1909f56bfc062723c751e8b465ee728b)
Start importing Assets/Prefabs/ObstacleRock_02.prefab using Guid(7c961c487fe805148914dc54c803f9a4) Importer(815301076,1909f56bfc062723c751e8b465ee728b)  -> (artifact id: 'b54dd0636234a51c0fcdd0bc87af20f0') in 0.035190 seconds 
  Import took 0.038911 seconds .

========================================================================
Received Import Request.
  Time since last request: 2.271261 seconds.
  path: Assets/Prefabs/ObstacleRock_05.prefab
  artifactKey: Guid(112321ca3aadc8a4d9304ebb2f8878a6) Importer(815301076,1909f56bfc062723c751e8b465ee728b)
Start importing Assets/Prefabs/ObstacleRock_05.prefab using Guid(112321ca3aadc8a4d9304ebb2f8878a6) Importer(815301076,1909f56bfc062723c751e8b465ee728b)  -> (artifact id: 'fb5c1e86b1925715b1bd6d1b910e1eb1') in 0.036960 seconds 
  Import took 0.049293 seconds .

========================================================================
Received Import Request.
  Time since last request: 2.369995 seconds.
  path: Assets/Prefabs/ObstacleTree10_1.prefab
  artifactKey: Guid(dbf769e4ab8122844b619a9a5b643b9b) Importer(815301076,1909f56bfc062723c751e8b465ee728b)
Start importing Assets/Prefabs/ObstacleTree10_1.prefab using Guid(dbf769e4ab8122844b619a9a5b643b9b) Importer(815301076,1909f56bfc062723c751e8b465ee728b)  -> (artifact id: 'f19c5fb504b845ed92f69e7c860ac893') in 0.020439 seconds 
  Import took 0.023817 seconds .

========================================================================
Received Import Request.
  Time since last request: 2.761686 seconds.
  path: Assets/Prefabs/ObstacleTree10_3.prefab
  artifactKey: Guid(714d71669b3b6d04e8eb64b6900fc209) Importer(815301076,1909f56bfc062723c751e8b465ee728b)
Start importing Assets/Prefabs/ObstacleTree10_3.prefab using Guid(714d71669b3b6d04e8eb64b6900fc209) Importer(815301076,1909f56bfc062723c751e8b465ee728b)  -> (artifact id: 'f78ac54ebf8b1469744c69e36f3473a4') in 0.019258 seconds 
  Import took 0.023219 seconds .

========================================================================
Received Prepare
Registering precompiled user dll's ...
Registered in 0.006490 seconds.
Begin MonoManager ReloadAssembly
Native extension for WindowsStandalone target not found
Refreshing native plugins compatible for Editor in 0.39 ms, found 2 plugins.
Preloading 0 native plugins for Editor in 0.00 ms.
Mono: successfully reloaded assembly
- Completed reload, in  1.134 seconds
Domain Reload Profiling:
	ReloadAssembly (1134ms)
		BeginReloadAssembly (135ms)
			ExecutionOrderSort (0ms)
			DisableScriptedObjects (5ms)
			BackupInstance (0ms)
			ReleaseScriptingObjects (0ms)
			CreateAndSetChildDomain (35ms)
		EndReloadAssembly (931ms)
			LoadAssemblies (103ms)
			RebuildTransferFunctionScriptingTraits (0ms)
			SetupTypeCache (271ms)
			ReleaseScriptCaches (1ms)
			RebuildScriptCaches (68ms)
			SetupLoadedEditorAssemblies (357ms)
				LogAssemblyErrors (0ms)
				InitializePlatformSupportModulesInManaged (5ms)
				SetLoadedEditorAssemblies (1ms)
				RefreshPlugins (0ms)
				BeforeProcessingInitializeOnLoad (102ms)
				ProcessInitializeOnLoadAttributes (229ms)
				ProcessInitializeOnLoadMethodAttributes (9ms)
				AfterProcessingInitializeOnLoad (10ms)
				EditorAssembliesLoaded (0ms)
			ExecutionOrderSort2 (0ms)
			AwakeInstancesAfterBackupRestoration (7ms)
Platform modules already initialized, skipping
Refreshing native plugins compatible for Editor in 0.37 ms, found 2 plugins.
Preloading 0 native plugins for Editor in 0.00 ms.
Unloading 1505 Unused Serialized files (Serialized files now loaded: 0)
System memory in use before: 99.6 MB.
System memory in use after: 99.7 MB.

Unloading 14 unused Assets to reduce memory usage. Loaded Objects now: 2033.
Total: 2.908900 ms (FindLiveObjects: 0.250900 ms CreateObjectMapping: 0.058100 ms MarkObjects: 2.580100 ms  DeleteObjects: 0.018100 ms)

AssetImportParameters requested are different than current active one (requested -> active):
  custom:framework-win-MediaFoundation: 216162199b28c13a410421893ffa2e32 -> 
  custom:video-decoder-ogg-theora: a1e56fd34408186e4bbccfd4996cb3dc -> 
  custom:container-muxer-webm: aa71ff27fc2769a1b78a27578f13a17b -> 
  custom:container-demuxer-webm: 4f35f7cbe854078d1ac9338744f61a02 -> 
  custom:container-demuxer-ogg: 62fdf1f143b41e24485cea50d1cbac27 -> 
  custom:video-encoder-webm-vp8: eb34c28f22e8b96e1ab97ce403110664 -> 
  custom:video-codec-MediaFoundation-h265: 746d11721c4dcdbdad8f713fa42b33f4 -> 
  custom:video-decoder-webm-vp8: 9c59270c3fd7afecdb556c50c9e8de78 -> 
  custom:audio-decoder-ogg-vorbis: bf7c407c2cedff20999df2af8eb42d56 -> 
  custom:audio-encoder-webm-vorbis: bf7c407c2cedff20999df2af8eb42d56 -> 
========================================================================
Received Prepare
Registering precompiled user dll's ...
Registered in 0.007881 seconds.
Begin MonoManager ReloadAssembly
Native extension for WindowsStandalone target not found
Refreshing native plugins compatible for Editor in 0.75 ms, found 2 plugins.
Preloading 0 native plugins for Editor in 0.00 ms.
Mono: successfully reloaded assembly
- Completed reload, in  2.530 seconds
Domain Reload Profiling:
	ReloadAssembly (2531ms)
		BeginReloadAssembly (191ms)
			ExecutionOrderSort (0ms)
			DisableScriptedObjects (8ms)
			BackupInstance (0ms)
			ReleaseScriptingObjects (0ms)
			CreateAndSetChildDomain (48ms)
		EndReloadAssembly (2212ms)
			LoadAssemblies (181ms)
			RebuildTransferFunctionScriptingTraits (0ms)
			SetupTypeCache (832ms)
			ReleaseScriptCaches (2ms)
			RebuildScriptCaches (124ms)
			SetupLoadedEditorAssemblies (772ms)
				LogAssemblyErrors (0ms)
				InitializePlatformSupportModulesInManaged (13ms)
				SetLoadedEditorAssemblies (2ms)
				RefreshPlugins (1ms)
				BeforeProcessingInitializeOnLoad (229ms)
				ProcessInitializeOnLoadAttributes (487ms)
				ProcessInitializeOnLoadMethodAttributes (21ms)
				AfterProcessingInitializeOnLoad (19ms)
				EditorAssembliesLoaded (1ms)
			ExecutionOrderSort2 (0ms)
			AwakeInstancesAfterBackupRestoration (16ms)
Platform modules already initialized, skipping
Refreshing native plugins compatible for Editor in 0.50 ms, found 2 plugins.
Preloading 0 native plugins for Editor in 0.00 ms.
Unloading 1505 Unused Serialized files (Serialized files now loaded: 0)
System memory in use before: 99.6 MB.
System memory in use after: 99.7 MB.

Unloading 14 unused Assets to reduce memory usage. Loaded Objects now: 2035.
Total: 4.635400 ms (FindLiveObjects: 0.241500 ms CreateObjectMapping: 0.080800 ms MarkObjects: 4.280900 ms  DeleteObjects: 0.030300 ms)

AssetImportParameters requested are different than current active one (requested -> active):
  custom:framework-win-MediaFoundation: 216162199b28c13a410421893ffa2e32 -> 
  custom:video-decoder-ogg-theora: a1e56fd34408186e4bbccfd4996cb3dc -> 
  custom:container-muxer-webm: aa71ff27fc2769a1b78a27578f13a17b -> 
  custom:container-demuxer-webm: 4f35f7cbe854078d1ac9338744f61a02 -> 
  custom:container-demuxer-ogg: 62fdf1f143b41e24485cea50d1cbac27 -> 
  custom:video-encoder-webm-vp8: eb34c28f22e8b96e1ab97ce403110664 -> 
  custom:video-codec-MediaFoundation-h265: 746d11721c4dcdbdad8f713fa42b33f4 -> 
  custom:video-decoder-webm-vp8: 9c59270c3fd7afecdb556c50c9e8de78 -> 
  custom:audio-decoder-ogg-vorbis: bf7c407c2cedff20999df2af8eb42d56 -> 
  custom:audio-encoder-webm-vorbis: bf7c407c2cedff20999df2af8eb42d56 -> 
========================================================================
Received Import Request.
  Time since last request: 607.192534 seconds.
  path: Assets/Scripts/ObstacleController.cs
  artifactKey: Guid(f79f4837c1b29ec42a630dea1d772de3) Importer(815301076,1909f56bfc062723c751e8b465ee728b)
Start importing Assets/Scripts/ObstacleController.cs using Guid(f79f4837c1b29ec42a630dea1d772de3) Importer(815301076,1909f56bfc062723c751e8b465ee728b)  -> (artifact id: '4496dcb9c166c96f600664a39ab40a43') in 0.026522 seconds 
  Import took 0.029809 seconds .

========================================================================
Received Import Request.
  Time since last request: 61.654457 seconds.
  path: Assets/Scripts/ObstacleController.cs
  artifactKey: Guid(f79f4837c1b29ec42a630dea1d772de3) Importer(815301076,1909f56bfc062723c751e8b465ee728b)
Start importing Assets/Scripts/ObstacleController.cs using Guid(f79f4837c1b29ec42a630dea1d772de3) Importer(815301076,1909f56bfc062723c751e8b465ee728b)  -> (artifact id: '02ca5bcb04d774345c43aad6b8ce434d') in 0.110370 seconds 
  Import took 0.131336 seconds .

========================================================================
Received Prepare
Registering precompiled user dll's ...
Registered in 0.021160 seconds.
Begin MonoManager ReloadAssembly
Native extension for WindowsStandalone target not found
Refreshing native plugins compatible for Editor in 0.71 ms, found 2 plugins.
Preloading 0 native plugins for Editor in 0.00 ms.
Mono: successfully reloaded assembly
- Completed reload, in  4.667 seconds
Domain Reload Profiling:
	ReloadAssembly (4668ms)
		BeginReloadAssembly (497ms)
			ExecutionOrderSort (0ms)
			DisableScriptedObjects (30ms)
			BackupInstance (0ms)
			ReleaseScriptingObjects (0ms)
			CreateAndSetChildDomain (136ms)
		EndReloadAssembly (3932ms)
			LoadAssemblies (392ms)
			RebuildTransferFunctionScriptingTraits (0ms)
			SetupTypeCache (2097ms)
			ReleaseScriptCaches (2ms)
			RebuildScriptCaches (211ms)
			SetupLoadedEditorAssemblies (1005ms)
				LogAssemblyErrors (0ms)
				InitializePlatformSupportModulesInManaged (14ms)
				SetLoadedEditorAssemblies (1ms)
				RefreshPlugins (1ms)
				BeforeProcessingInitializeOnLoad (284ms)
				ProcessInitializeOnLoadAttributes (666ms)
				ProcessInitializeOnLoadMethodAttributes (20ms)
				AfterProcessingInitializeOnLoad (18ms)
				EditorAssembliesLoaded (1ms)
			ExecutionOrderSort2 (0ms)
			AwakeInstancesAfterBackupRestoration (14ms)
Platform modules already initialized, skipping
Refreshing native plugins compatible for Editor in 0.84 ms, found 2 plugins.
Preloading 0 native plugins for Editor in 0.00 ms.
Unloading 1505 Unused Serialized files (Serialized files now loaded: 0)
System memory in use before: 99.6 MB.
System memory in use after: 99.7 MB.

Unloading 14 unused Assets to reduce memory usage. Loaded Objects now: 2037.
Total: 6.593200 ms (FindLiveObjects: 0.830600 ms CreateObjectMapping: 0.135500 ms MarkObjects: 5.587100 ms  DeleteObjects: 0.035700 ms)

AssetImportParameters requested are different than current active one (requested -> active):
  custom:framework-win-MediaFoundation: 216162199b28c13a410421893ffa2e32 -> 
  custom:video-decoder-ogg-theora: a1e56fd34408186e4bbccfd4996cb3dc -> 
  custom:container-muxer-webm: aa71ff27fc2769a1b78a27578f13a17b -> 
  custom:container-demuxer-webm: 4f35f7cbe854078d1ac9338744f61a02 -> 
  custom:container-demuxer-ogg: 62fdf1f143b41e24485cea50d1cbac27 -> 
  custom:video-encoder-webm-vp8: eb34c28f22e8b96e1ab97ce403110664 -> 
  custom:video-codec-MediaFoundation-h265: 746d11721c4dcdbdad8f713fa42b33f4 -> 
  custom:video-decoder-webm-vp8: 9c59270c3fd7afecdb556c50c9e8de78 -> 
  custom:audio-decoder-ogg-vorbis: bf7c407c2cedff20999df2af8eb42d56 -> 
  custom:audio-encoder-webm-vorbis: bf7c407c2cedff20999df2af8eb42d56 -> 
========================================================================
Received Prepare
Registering precompiled user dll's ...
Registered in 0.016936 seconds.
Begin MonoManager ReloadAssembly
Native extension for WindowsStandalone target not found
Refreshing native plugins compatible for Editor in 2.38 ms, found 2 plugins.
Preloading 0 native plugins for Editor in 0.00 ms.
Mono: successfully reloaded assembly
- Completed reload, in  2.102 seconds
Domain Reload Profiling:
	ReloadAssembly (2103ms)
		BeginReloadAssembly (466ms)
			ExecutionOrderSort (0ms)
			DisableScriptedObjects (45ms)
			BackupInstance (0ms)
			ReleaseScriptingObjects (1ms)
			CreateAndSetChildDomain (121ms)
		EndReloadAssembly (1450ms)
			LoadAssemblies (314ms)
			RebuildTransferFunctionScriptingTraits (0ms)
			SetupTypeCache (448ms)
			ReleaseScriptCaches (1ms)
			RebuildScriptCaches (96ms)
			SetupLoadedEditorAssemblies (526ms)
				LogAssemblyErrors (0ms)
				InitializePlatformSupportModulesInManaged (19ms)
				SetLoadedEditorAssemblies (1ms)
				RefreshPlugins (3ms)
				BeforeProcessingInitializeOnLoad (129ms)
				ProcessInitializeOnLoadAttributes (348ms)
				ProcessInitializeOnLoadMethodAttributes (13ms)
				AfterProcessingInitializeOnLoad (12ms)
				EditorAssembliesLoaded (0ms)
			ExecutionOrderSort2 (0ms)
			AwakeInstancesAfterBackupRestoration (10ms)
Platform modules already initialized, skipping
Refreshing native plugins compatible for Editor in 0.40 ms, found 2 plugins.
Preloading 0 native plugins for Editor in 0.00 ms.
Unloading 1505 Unused Serialized files (Serialized files now loaded: 0)
System memory in use before: 99.6 MB.
System memory in use after: 99.7 MB.

Unloading 14 unused Assets to reduce memory usage. Loaded Objects now: 2039.
Total: 4.166000 ms (FindLiveObjects: 0.477100 ms CreateObjectMapping: 0.120700 ms MarkObjects: 3.540700 ms  DeleteObjects: 0.025800 ms)

AssetImportParameters requested are different than current active one (requested -> active):
  custom:framework-win-MediaFoundation: 216162199b28c13a410421893ffa2e32 -> 
  custom:video-decoder-ogg-theora: a1e56fd34408186e4bbccfd4996cb3dc -> 
  custom:container-muxer-webm: aa71ff27fc2769a1b78a27578f13a17b -> 
  custom:container-demuxer-webm: 4f35f7cbe854078d1ac9338744f61a02 -> 
  custom:container-demuxer-ogg: 62fdf1f143b41e24485cea50d1cbac27 -> 
  custom:video-encoder-webm-vp8: eb34c28f22e8b96e1ab97ce403110664 -> 
  custom:video-codec-MediaFoundation-h265: 746d11721c4dcdbdad8f713fa42b33f4 -> 
  custom:video-decoder-webm-vp8: 9c59270c3fd7afecdb556c50c9e8de78 -> 
  custom:audio-decoder-ogg-vorbis: bf7c407c2cedff20999df2af8eb42d56 -> 
  custom:audio-encoder-webm-vorbis: bf7c407c2cedff20999df2af8eb42d56 -> 
AssetImportWorkerClient::OnTransportError - code=2 error=End of file
